[01Aug2022 00:17:35.092] [main/INFO] [cpw.mods.modlauncher.Launcher/MODLAUNCHER]: ModLauncher running: args [--gameDir, ., --launchTarget, fmlserver, --fml.forgeVersion, 36.2.20, --fml.mcpVersion, 20210115.111550, --fml.mcVersion, 1.16.5, --fml.forgeGroup, net.minecraftforge, nogui]
[01Aug2022 00:17:35.094] [main/INFO] [cpw.mods.modlauncher.Launcher/MODLAUNCHER]: ModLauncher 8.0.9+86+master.3cf110c starting: java version 1.8.0_341 by Oracle Corporation
[01Aug2022 00:17:35.497] [main/INFO] [net.minecraftforge.fml.loading.FixSSL/CORE]: Added Lets Encrypt root certificates as additional trust
[01Aug2022 00:17:35.525] [main/INFO] [mixin/]: SpongePowered MIXIN Subsystem Version=0.8.4 Source=file:/D:/Quick%20Access/Desktop/MC_Server_Folder/Above+and+Beyond-1.3-Server/libraries/org/spongepowered/mixin/0.8.4/mixin-0.8.4.jar Service=ModLauncher Env=SERVER
[01Aug2022 00:17:37.211] [main/ERROR] [mixin/]: Mixin config antiqueatlas.mixins.json does not specify "minVersion" property
[01Aug2022 00:17:37.264] [main/INFO] [STDERR/]: [java.lang.ThreadGroup:uncaughtException:-1]: java.lang.NoSuchMethodError: sun.security.util.ManifestEntryVerifier.<init>(Ljava/util/jar/Manifest;)V
[01Aug2022 00:17:37.264] [main/INFO] [STDERR/]: [java.lang.ThreadGroup:uncaughtException:-1]: 	at cpw.mods.modlauncher.SecureJarHandler.createCodeSource(SecureJarHandler.java:66)
[01Aug2022 00:17:37.264] [main/INFO] [STDERR/]: [java.lang.ThreadGroup:uncaughtException:-1]: 	at cpw.mods.modlauncher.TransformingClassLoader$DelegatedClassLoader.findClass(TransformingClassLoader.java:275)
[01Aug2022 00:17:37.265] [main/INFO] [STDERR/]: [java.lang.ThreadGroup:uncaughtException:-1]: 	at cpw.mods.modlauncher.TransformingClassLoader.loadClass(TransformingClassLoader.java:136)
[01Aug2022 00:17:37.265] [main/INFO] [STDERR/]: [java.lang.ThreadGroup:uncaughtException:-1]: 	at cpw.mods.modlauncher.TransformingClassLoader.loadClass(TransformingClassLoader.java:98)
[01Aug2022 00:17:37.265] [main/INFO] [STDERR/]: [java.lang.ThreadGroup:uncaughtException:-1]: 	at java.lang.ClassLoader.loadClass(Unknown Source)
[01Aug2022 00:17:37.266] [main/INFO] [STDERR/]: [java.lang.ThreadGroup:uncaughtException:-1]: 	at java.lang.Class.forName0(Native Method)
[01Aug2022 00:17:37.266] [main/INFO] [STDERR/]: [java.lang.ThreadGroup:uncaughtException:-1]: 	at java.lang.Class.forName(Unknown Source)
[01Aug2022 00:17:37.266] [main/INFO] [STDERR/]: [java.lang.ThreadGroup:uncaughtException:-1]: 	at org.spongepowered.asm.service.modlauncher.ModLauncherClassProvider.findClass(ModLauncherClassProvider.java:67)
[01Aug2022 00:17:37.267] [main/INFO] [STDERR/]: [java.lang.ThreadGroup:uncaughtException:-1]: 	at org.spongepowered.asm.launch.platform.MixinConnectorManager.loadConnectors(MixinConnectorManager.java:70)
[01Aug2022 00:17:37.267] [main/INFO] [STDERR/]: [java.lang.ThreadGroup:uncaughtException:-1]: 	at org.spongepowered.asm.launch.platform.MixinConnectorManager.inject(MixinConnectorManager.java:59)
[01Aug2022 00:17:37.267] [main/INFO] [STDERR/]: [java.lang.ThreadGroup:uncaughtException:-1]: 	at org.spongepowered.asm.launch.platform.MixinPlatformManager.inject(MixinPlatformManager.java:196)
[01Aug2022 00:17:37.268] [main/INFO] [STDERR/]: [java.lang.ThreadGroup:uncaughtException:-1]: 	at org.spongepowered.asm.launch.MixinBootstrap.inject(MixinBootstrap.java:202)
[01Aug2022 00:17:37.268] [main/INFO] [STDERR/]: [java.lang.ThreadGroup:uncaughtException:-1]: 	at org.spongepowered.asm.launch.MixinLaunchPluginLegacy.initializeLaunch(MixinLaunchPluginLegacy.java:201)
[01Aug2022 00:17:37.268] [main/INFO] [STDERR/]: [java.lang.ThreadGroup:uncaughtException:-1]: 	at org.spongepowered.asm.launch.MixinLaunchPluginLegacy.initializeLaunch(MixinLaunchPluginLegacy.java:195)
[01Aug2022 00:17:37.269] [main/INFO] [STDERR/]: [java.lang.ThreadGroup:uncaughtException:-1]: 	at cpw.mods.modlauncher.LaunchPluginHandler.lambda$announceLaunch$9(LaunchPluginHandler.java:97)
[01Aug2022 00:17:37.269] [main/INFO] [STDERR/]: [java.lang.ThreadGroup:uncaughtException:-1]: 	at java.util.HashMap.forEach(Unknown Source)
[01Aug2022 00:17:37.269] [main/INFO] [STDERR/]: [java.lang.ThreadGroup:uncaughtException:-1]: 	at cpw.mods.modlauncher.LaunchPluginHandler.announceLaunch(LaunchPluginHandler.java:97)
[01Aug2022 00:17:37.270] [main/INFO] [STDERR/]: [java.lang.ThreadGroup:uncaughtException:-1]: 	at cpw.mods.modlauncher.LaunchServiceHandler.launch(LaunchServiceHandler.java:52)
[01Aug2022 00:17:37.270] [main/INFO] [STDERR/]: [java.lang.ThreadGroup:uncaughtException:-1]: 	at cpw.mods.modlauncher.LaunchServiceHandler.launch(LaunchServiceHandler.java:72)
[01Aug2022 00:17:37.271] [main/INFO] [STDERR/]: [java.lang.ThreadGroup:uncaughtException:-1]: 	at cpw.mods.modlauncher.Launcher.run(Launcher.java:82)
[01Aug2022 00:17:37.271] [main/INFO] [STDERR/]: [java.lang.ThreadGroup:uncaughtException:-1]: 	at cpw.mods.modlauncher.Launcher.main(Launcher.java:66)
[01Aug2022 00:17:37.271] [main/INFO] [STDERR/]: [java.lang.ThreadGroup:uncaughtException:-1]: 	at net.minecraftforge.server.ServerMain$Runner.runLauncher(ServerMain.java:63)
[01Aug2022 00:17:37.272] [main/INFO] [STDERR/]: [java.lang.ThreadGroup:uncaughtException:-1]: 	at net.minecraftforge.server.ServerMain$Runner.access$100(ServerMain.java:60)
[01Aug2022 00:17:37.272] [main/INFO] [STDERR/]: [java.lang.ThreadGroup:uncaughtException:-1]: 	at net.minecraftforge.server.ServerMain.main(ServerMain.java:57)
